<?xml version="1.0" encoding="UTF-8"?>
<!-- Generated by org.testng.reporters.JUnitXMLReporter -->
<testsuite ignored="0" hostname="Lenovo" failures="0" tests="4" name="Test" time="9.648" errors="0" timestamp="2025-03-31T15:55:18 IST">
  <testcase classname="day8.CraeteUser" name="test_CreateUser" time="2.835"/>
  <testcase classname="day8.getUser" name="getUser" time="2.762"/>
  <testcase classname="day8.UpdateUser" name="test_updateUser" time="3.121"/>
  <testcase classname="day8.deleteUser" name="testDelete_user" time="0.883"/>
</testsuite> <!-- Test -->
