<?xml version="1.0" encoding="UTF-8"?>
<testng-results ignored="0" total="1" passed="1" failed="0" skipped="0">
  <reporter-output>
  </reporter-output>
  <suite started-at="2025-03-31T18:12:05 IST" name="Default suite" finished-at="2025-03-31T18:12:07 IST" duration-ms="1523">
    <groups>
    </groups>
    <test started-at="2025-03-31T18:12:05 IST" name="Default test" finished-at="2025-03-31T18:12:07 IST" duration-ms="1523">
      <class name="day6.JsonSchemaValidationTest">
        <test-method signature="testJsonSchemaValidation1()[pri:0, instance:day6.JsonSchemaValidationTest@618b19ad]" started-at="2025-03-31T18:12:05 IST" name="testJsonSchemaValidation1" finished-at="2025-03-31T18:12:07 IST" duration-ms="1492" status="PASS">
          <reporter-output>
          </reporter-output>
        </test-method> <!-- testJsonSchemaValidation1 -->
      </class> <!-- day6.JsonSchemaValidationTest -->
    </test> <!-- Default test -->
  </suite> <!-- Default suite -->
</testng-results>
